2019-06-30 09:15:33.769  INFO 6200 --- [main] com.sumflower.demo.DemoApplicationTests  : Starting DemoApplicationTests on DESKTOP-QPEOM2I with PID 6200 (started by randerous in D:\spring_project\rander\Sunflower-Cup-Competition-Reporting-System\demo)
2019-06-30 09:15:33.771  INFO 6200 --- [main] com.sumflower.demo.DemoApplicationTests  : No active profile set, falling back to default profiles: default
2019-06-30 09:15:33.810  INFO 6200 --- [main] o.s.w.c.s.GenericWebApplicationContext   : Refreshing org.springframework.web.context.support.GenericWebApplicationContext@50b5ac82: startup date [Sun Jun 30 09:15:33 CST 2019]; root of context hierarchy
2019-06-30 09:15:35.965  INFO 6200 --- [main] s.w.s.m.m.a.RequestMappingHandlerAdapter : Looking for @ControllerAdvice: org.springframework.web.context.support.GenericWebApplicationContext@50b5ac82: startup date [Sun Jun 30 09:15:33 CST 2019]; root of context hierarchy
2019-06-30 09:15:36.037  INFO 6200 --- [main] s.w.s.m.m.a.RequestMappingHandlerMapping : Mapped "{[/studentReg/],methods=[POST]}" onto public java.lang.String com.sumflower.demo.Controller.LoginController.studentReg(java.util.Map,javax.servlet.http.HttpServletResponse)
2019-06-30 09:15:36.039  INFO 6200 --- [main] s.w.s.m.m.a.RequestMappingHandlerMapping : Mapped "{[/login/],methods=[POST]}" onto public java.lang.String com.sumflower.demo.Controller.LoginController.studentLogin(java.util.Map,javax.servlet.http.HttpServletResponse)
2019-06-30 09:15:36.039  INFO 6200 --- [main] s.w.s.m.m.a.RequestMappingHandlerMapping : Mapped "{[/expertReg/],methods=[POST]}" onto public java.lang.String com.sumflower.demo.Controller.LoginController.expertReg(java.util.Map,javax.servlet.http.HttpServletResponse)
2019-06-30 09:15:36.040  INFO 6200 --- [main] s.w.s.m.m.a.RequestMappingHandlerMapping : Mapped "{[/getCookies]}" onto public java.lang.String com.sumflower.demo.Controller.RanderousController.getCookies(javax.servlet.http.HttpServletRequest)
2019-06-30 09:15:36.041  INFO 6200 --- [main] s.w.s.m.m.a.RequestMappingHandlerMapping : Mapped "{[/springUpload]}" onto public java.lang.String com.sumflower.demo.Controller.RanderousController.springUpload(javax.servlet.http.HttpServletRequest) throws java.lang.IllegalStateException,java.io.IOException
2019-06-30 09:15:36.041  INFO 6200 --- [main] s.w.s.m.m.a.RequestMappingHandlerMapping : Mapped "{[/setCookies]}" onto public java.lang.String com.sumflower.demo.Controller.RanderousController.setCookies(javax.servlet.http.HttpServletResponse)
2019-06-30 09:15:36.042  INFO 6200 --- [main] s.w.s.m.m.a.RequestMappingHandlerMapping : Mapped "{[/api/get]}" onto public int com.sumflower.demo.Controller.TerryTestController.get(javax.servlet.http.HttpServletRequest)
2019-06-30 09:15:36.043  INFO 6200 --- [main] s.w.s.m.m.a.RequestMappingHandlerMapping : Mapped "{[/testMysql]}" onto public java.lang.String com.sumflower.demo.Controller.TerryTestController.test()
2019-06-30 09:15:36.044  INFO 6200 --- [main] s.w.s.m.m.a.RequestMappingHandlerMapping : Mapped "{[/api/post]}" onto public java.util.Map com.sumflower.demo.Controller.TerryTestController.post(java.util.Map)
2019-06-30 09:15:36.045  INFO 6200 --- [main] s.w.s.m.m.a.RequestMappingHandlerMapping : Mapped "{[/upload],methods=[GET]}" onto public java.lang.String com.sumflower.demo.Controller.UploadFileController.file()
2019-06-30 09:15:36.046  INFO 6200 --- [main] s.w.s.m.m.a.RequestMappingHandlerMapping : Mapped "{[/upload],methods=[POST]}" onto public java.lang.String com.sumflower.demo.Controller.UploadFileController.upload(org.springframework.web.multipart.MultipartFile) throws java.io.IOException
2019-06-30 09:15:36.046  INFO 6200 --- [main] s.w.s.m.m.a.RequestMappingHandlerMapping : Mapped "{[/api2],methods=[GET]}" onto public com.sumflower.demo.model.Judge com.sumflower.demo.Controller.WinjaceController.api2()
2019-06-30 09:15:36.049  INFO 6200 --- [main] s.w.s.m.m.a.RequestMappingHandlerMapping : Mapped "{[/api/CreateWork]}" onto public int com.sumflower.demo.Controller.WorkFillController.CreateWork(java.util.Map)
2019-06-30 09:15:36.050  INFO 6200 --- [main] s.w.s.m.m.a.RequestMappingHandlerMapping : Mapped "{[/api/UpdateWork]}" onto public int com.sumflower.demo.Controller.WorkFillController.UpdateWork(java.util.Map)
2019-06-30 09:15:36.051  INFO 6200 --- [main] s.w.s.m.m.a.RequestMappingHandlerMapping : Mapped "{[/api/FinishWork]}" onto public int com.sumflower.demo.Controller.WorkFillController.FinishWork(java.util.Map)
2019-06-30 09:15:36.052  INFO 6200 --- [main] s.w.s.m.m.a.RequestMappingHandlerMapping : Mapped "{[/api/CreateWorkCookie]}" onto public int com.sumflower.demo.Controller.WorkFillController.CreateWorkCookie(javax.servlet.http.HttpServletRequest,javax.servlet.http.HttpServletResponse)
2019-06-30 09:15:36.053  INFO 6200 --- [main] s.w.s.m.m.a.RequestMappingHandlerMapping : Mapped "{[/api/ViewWorkList]}" onto public java.util.Map<java.lang.String, java.lang.Object> com.sumflower.demo.Controller.WorkFillController.ViewWorkList(java.util.Map)
2019-06-30 09:15:36.054  INFO 6200 --- [main] s.w.s.m.m.a.RequestMappingHandlerMapping : Mapped "{[/api/ViewWorkInfo]}" onto public com.sumflower.demo.model.Project com.sumflower.demo.Controller.WorkFillController.ViewWorkInfo(java.util.Map)
2019-06-30 09:15:36.055  INFO 6200 --- [main] s.w.s.m.m.a.RequestMappingHandlerMapping : Mapped "{[/api/DeleteWork]}" onto public int com.sumflower.demo.Controller.WorkFillController.DeleteWork(java.util.Map)
2019-06-30 09:15:36.059  INFO 6200 --- [main] s.w.s.m.m.a.RequestMappingHandlerMapping : Mapped "{[/error]}" onto public org.springframework.http.ResponseEntity<java.util.Map<java.lang.String, java.lang.Object>> org.springframework.boot.autoconfigure.web.BasicErrorController.error(javax.servlet.http.HttpServletRequest)
2019-06-30 09:15:36.059  INFO 6200 --- [main] s.w.s.m.m.a.RequestMappingHandlerMapping : Mapped "{[/error],produces=[text/html]}" onto public org.springframework.web.servlet.ModelAndView org.springframework.boot.autoconfigure.web.BasicErrorController.errorHtml(javax.servlet.http.HttpServletRequest,javax.servlet.http.HttpServletResponse)
2019-06-30 09:15:36.092  INFO 6200 --- [main] o.s.w.s.handler.SimpleUrlHandlerMapping  : Mapped URL path [/webjars/**] onto handler of type [class org.springframework.web.servlet.resource.ResourceHttpRequestHandler]
2019-06-30 09:15:36.092  INFO 6200 --- [main] o.s.w.s.handler.SimpleUrlHandlerMapping  : Mapped URL path [/**] onto handler of type [class org.springframework.web.servlet.resource.ResourceHttpRequestHandler]
2019-06-30 09:15:36.129  INFO 6200 --- [main] o.s.w.s.handler.SimpleUrlHandlerMapping  : Mapped URL path [/**/favicon.ico] onto handler of type [class org.springframework.web.servlet.resource.ResourceHttpRequestHandler]
2019-06-30 09:15:36.350  INFO 6200 --- [main] o.s.ui.freemarker.SpringTemplateLoader   : SpringTemplateLoader for FreeMarker: using resource loader [org.springframework.web.context.support.GenericWebApplicationContext@50b5ac82: startup date [Sun Jun 30 09:15:33 CST 2019]; root of context hierarchy] and template loader path [classpath:/templates/]
2019-06-30 09:15:36.356  INFO 6200 --- [main] o.s.w.s.v.f.FreeMarkerConfigurer         : ClassTemplateLoader for Spring macros added to FreeMarker configuration
2019-06-30 09:15:36.377  WARN 6200 --- [main] o.s.b.a.f.FreeMarkerAutoConfiguration    : Cannot find template location(s): [classpath:/templates/] (please add some templates, check your FreeMarker configuration, or set spring.freemarker.checkTemplateLocation=false)
2019-06-30 09:15:36.549  INFO 6200 --- [main] com.sumflower.demo.DemoApplicationTests  : Started DemoApplicationTests in 3.124 seconds (JVM running for 4.015)
2019-06-30 09:15:36.615  INFO 6200 --- [Thread-3] o.s.w.c.s.GenericWebApplicationContext   : Closing org.springframework.web.context.support.GenericWebApplicationContext@50b5ac82: startup date [Sun Jun 30 09:15:33 CST 2019]; root of context hierarchy
2019-06-30 10:33:07.594  INFO 10164 --- [main] com.sumflower.demo.DemoApplicationTests  : Starting DemoApplicationTests on DESKTOP-QPEOM2I with PID 10164 (started by randerous in D:\spring_project\rander\Sunflower-Cup-Competition-Reporting-System\demo)
2019-06-30 10:33:07.597  INFO 10164 --- [main] com.sumflower.demo.DemoApplicationTests  : No active profile set, falling back to default profiles: default
2019-06-30 10:33:07.646  INFO 10164 --- [main] o.s.w.c.s.GenericWebApplicationContext   : Refreshing org.springframework.web.context.support.GenericWebApplicationContext@50b5ac82: startup date [Sun Jun 30 10:33:07 CST 2019]; root of context hierarchy
2019-06-30 10:33:09.736  INFO 10164 --- [main] s.w.s.m.m.a.RequestMappingHandlerAdapter : Looking for @ControllerAdvice: org.springframework.web.context.support.GenericWebApplicationContext@50b5ac82: startup date [Sun Jun 30 10:33:07 CST 2019]; root of context hierarchy
2019-06-30 10:33:09.802  INFO 10164 --- [main] s.w.s.m.m.a.RequestMappingHandlerMapping : Mapped "{[/studentReg/],methods=[POST]}" onto public java.lang.String com.sumflower.demo.Controller.LoginController.studentReg(java.util.Map,javax.servlet.http.HttpServletResponse)
2019-06-30 10:33:09.804  INFO 10164 --- [main] s.w.s.m.m.a.RequestMappingHandlerMapping : Mapped "{[/expertReg/],methods=[POST]}" onto public java.lang.String com.sumflower.demo.Controller.LoginController.expertReg(java.util.Map,javax.servlet.http.HttpServletResponse)
2019-06-30 10:33:09.804  INFO 10164 --- [main] s.w.s.m.m.a.RequestMappingHandlerMapping : Mapped "{[/login/],methods=[POST]}" onto public java.lang.String com.sumflower.demo.Controller.LoginController.studentLogin(java.util.Map,javax.servlet.http.HttpServletResponse)
2019-06-30 10:33:09.805  INFO 10164 --- [main] s.w.s.m.m.a.RequestMappingHandlerMapping : Mapped "{[/getCookies]}" onto public java.lang.String com.sumflower.demo.Controller.RanderousController.getCookies(javax.servlet.http.HttpServletRequest)
2019-06-30 10:33:09.806  INFO 10164 --- [main] s.w.s.m.m.a.RequestMappingHandlerMapping : Mapped "{[/springUpload]}" onto public java.lang.String com.sumflower.demo.Controller.RanderousController.springUpload(javax.servlet.http.HttpServletRequest) throws java.lang.IllegalStateException,java.io.IOException
2019-06-30 10:33:09.806  INFO 10164 --- [main] s.w.s.m.m.a.RequestMappingHandlerMapping : Mapped "{[/setCookies]}" onto public java.lang.String com.sumflower.demo.Controller.RanderousController.setCookies(javax.servlet.http.HttpServletResponse)
2019-06-30 10:33:09.807  INFO 10164 --- [main] s.w.s.m.m.a.RequestMappingHandlerMapping : Mapped "{[/api/get]}" onto public int com.sumflower.demo.Controller.TerryTestController.get(javax.servlet.http.HttpServletRequest)
2019-06-30 10:33:09.808  INFO 10164 --- [main] s.w.s.m.m.a.RequestMappingHandlerMapping : Mapped "{[/testMysql]}" onto public java.lang.String com.sumflower.demo.Controller.TerryTestController.test()
2019-06-30 10:33:09.808  INFO 10164 --- [main] s.w.s.m.m.a.RequestMappingHandlerMapping : Mapped "{[/api/post]}" onto public java.util.Map com.sumflower.demo.Controller.TerryTestController.post(java.util.Map)
2019-06-30 10:33:09.809  INFO 10164 --- [main] s.w.s.m.m.a.RequestMappingHandlerMapping : Mapped "{[/upload],methods=[GET]}" onto public java.lang.String com.sumflower.demo.Controller.UploadFileController.file()
2019-06-30 10:33:09.810  INFO 10164 --- [main] s.w.s.m.m.a.RequestMappingHandlerMapping : Mapped "{[/upload],methods=[POST]}" onto public java.lang.String com.sumflower.demo.Controller.UploadFileController.upload(org.springframework.web.multipart.MultipartFile) throws java.io.IOException
2019-06-30 10:33:09.811  INFO 10164 --- [main] s.w.s.m.m.a.RequestMappingHandlerMapping : Mapped "{[/api2],methods=[GET]}" onto public com.sumflower.demo.model.Judge com.sumflower.demo.Controller.WinjaceController.api2()
2019-06-30 10:33:09.814  INFO 10164 --- [main] s.w.s.m.m.a.RequestMappingHandlerMapping : Mapped "{[/api/CreateWorkCookie]}" onto public int com.sumflower.demo.Controller.WorkFillController.CreateWorkCookie(javax.servlet.http.HttpServletRequest,javax.servlet.http.HttpServletResponse)
2019-06-30 10:33:09.815  INFO 10164 --- [main] s.w.s.m.m.a.RequestMappingHandlerMapping : Mapped "{[/api/UpdateWork]}" onto public int com.sumflower.demo.Controller.WorkFillController.UpdateWork(java.util.Map)
2019-06-30 10:33:09.816  INFO 10164 --- [main] s.w.s.m.m.a.RequestMappingHandlerMapping : Mapped "{[/api/CreateWork]}" onto public int com.sumflower.demo.Controller.WorkFillController.CreateWork(java.util.Map)
2019-06-30 10:33:09.817  INFO 10164 --- [main] s.w.s.m.m.a.RequestMappingHandlerMapping : Mapped "{[/api/ViewWorkInfo]}" onto public com.sumflower.demo.model.Project com.sumflower.demo.Controller.WorkFillController.ViewWorkInfo(java.util.Map)
2019-06-30 10:33:09.817  INFO 10164 --- [main] s.w.s.m.m.a.RequestMappingHandlerMapping : Mapped "{[/api/DeleteWork]}" onto public int com.sumflower.demo.Controller.WorkFillController.DeleteWork(java.util.Map)
2019-06-30 10:33:09.818  INFO 10164 --- [main] s.w.s.m.m.a.RequestMappingHandlerMapping : Mapped "{[/api/FinishWork]}" onto public int com.sumflower.demo.Controller.WorkFillController.FinishWork(java.util.Map)
2019-06-30 10:33:09.818  INFO 10164 --- [main] s.w.s.m.m.a.RequestMappingHandlerMapping : Mapped "{[/api/ViewWorkList]}" onto public java.util.Map<java.lang.String, java.lang.Object> com.sumflower.demo.Controller.WorkFillController.ViewWorkList(java.util.Map)
2019-06-30 10:33:09.821  INFO 10164 --- [main] s.w.s.m.m.a.RequestMappingHandlerMapping : Mapped "{[/error]}" onto public org.springframework.http.ResponseEntity<java.util.Map<java.lang.String, java.lang.Object>> org.springframework.boot.autoconfigure.web.BasicErrorController.error(javax.servlet.http.HttpServletRequest)
2019-06-30 10:33:09.821  INFO 10164 --- [main] s.w.s.m.m.a.RequestMappingHandlerMapping : Mapped "{[/error],produces=[text/html]}" onto public org.springframework.web.servlet.ModelAndView org.springframework.boot.autoconfigure.web.BasicErrorController.errorHtml(javax.servlet.http.HttpServletRequest,javax.servlet.http.HttpServletResponse)
2019-06-30 10:33:09.853  INFO 10164 --- [main] o.s.w.s.handler.SimpleUrlHandlerMapping  : Mapped URL path [/webjars/**] onto handler of type [class org.springframework.web.servlet.resource.ResourceHttpRequestHandler]
2019-06-30 10:33:09.853  INFO 10164 --- [main] o.s.w.s.handler.SimpleUrlHandlerMapping  : Mapped URL path [/**] onto handler of type [class org.springframework.web.servlet.resource.ResourceHttpRequestHandler]
2019-06-30 10:33:09.888  INFO 10164 --- [main] o.s.w.s.handler.SimpleUrlHandlerMapping  : Mapped URL path [/**/favicon.ico] onto handler of type [class org.springframework.web.servlet.resource.ResourceHttpRequestHandler]
2019-06-30 10:33:10.068  INFO 10164 --- [main] o.s.ui.freemarker.SpringTemplateLoader   : SpringTemplateLoader for FreeMarker: using resource loader [org.springframework.web.context.support.GenericWebApplicationContext@50b5ac82: startup date [Sun Jun 30 10:33:07 CST 2019]; root of context hierarchy] and template loader path [classpath:/templates/]
2019-06-30 10:33:10.069  INFO 10164 --- [main] o.s.w.s.v.f.FreeMarkerConfigurer         : ClassTemplateLoader for Spring macros added to FreeMarker configuration
2019-06-30 10:33:10.092  WARN 10164 --- [main] o.s.b.a.f.FreeMarkerAutoConfiguration    : Cannot find template location(s): [classpath:/templates/] (please add some templates, check your FreeMarker configuration, or set spring.freemarker.checkTemplateLocation=false)
2019-06-30 10:33:10.271  INFO 10164 --- [main] com.sumflower.demo.DemoApplicationTests  : Started DemoApplicationTests in 3.018 seconds (JVM running for 4.127)
2019-06-30 10:33:10.337  INFO 10164 --- [Thread-3] o.s.w.c.s.GenericWebApplicationContext   : Closing org.springframework.web.context.support.GenericWebApplicationContext@50b5ac82: startup date [Sun Jun 30 10:33:07 CST 2019]; root of context hierarchy
2019-06-30 10:36:54.343  INFO 5704 --- [main] com.sumflower.demo.DemoApplicationTests  : Starting DemoApplicationTests on DESKTOP-QPEOM2I with PID 5704 (started by randerous in D:\spring_project\rander\Sunflower-Cup-Competition-Reporting-System\demo)
2019-06-30 10:36:54.344  INFO 5704 --- [main] com.sumflower.demo.DemoApplicationTests  : No active profile set, falling back to default profiles: default
2019-06-30 10:36:54.381  INFO 5704 --- [main] o.s.w.c.s.GenericWebApplicationContext   : Refreshing org.springframework.web.context.support.GenericWebApplicationContext@50b5ac82: startup date [Sun Jun 30 10:36:54 CST 2019]; root of context hierarchy
2019-06-30 10:36:56.385  INFO 5704 --- [main] s.w.s.m.m.a.RequestMappingHandlerAdapter : Looking for @ControllerAdvice: org.springframework.web.context.support.GenericWebApplicationContext@50b5ac82: startup date [Sun Jun 30 10:36:54 CST 2019]; root of context hierarchy
2019-06-30 10:36:56.452  INFO 5704 --- [main] s.w.s.m.m.a.RequestMappingHandlerMapping : Mapped "{[/expertReg/],methods=[POST]}" onto public java.lang.String com.sumflower.demo.Controller.LoginController.expertReg(java.util.Map,javax.servlet.http.HttpServletResponse)
2019-06-30 10:36:56.454  INFO 5704 --- [main] s.w.s.m.m.a.RequestMappingHandlerMapping : Mapped "{[/login/],methods=[POST]}" onto public java.lang.String com.sumflower.demo.Controller.LoginController.studentLogin(java.util.Map,javax.servlet.http.HttpServletResponse)
2019-06-30 10:36:56.454  INFO 5704 --- [main] s.w.s.m.m.a.RequestMappingHandlerMapping : Mapped "{[/studentReg/],methods=[POST]}" onto public java.lang.String com.sumflower.demo.Controller.LoginController.studentReg(java.util.Map,javax.servlet.http.HttpServletResponse)
2019-06-30 10:36:56.456  INFO 5704 --- [main] s.w.s.m.m.a.RequestMappingHandlerMapping : Mapped "{[/getCookies]}" onto public java.lang.String com.sumflower.demo.Controller.RanderousController.getCookies(javax.servlet.http.HttpServletRequest)
2019-06-30 10:36:56.456  INFO 5704 --- [main] s.w.s.m.m.a.RequestMappingHandlerMapping : Mapped "{[/setCookies]}" onto public java.lang.String com.sumflower.demo.Controller.RanderousController.setCookies(javax.servlet.http.HttpServletResponse)
2019-06-30 10:36:56.456  INFO 5704 --- [main] s.w.s.m.m.a.RequestMappingHandlerMapping : Mapped "{[/springUpload]}" onto public java.lang.String com.sumflower.demo.Controller.RanderousController.springUpload(javax.servlet.http.HttpServletRequest) throws java.lang.IllegalStateException,java.io.IOException
2019-06-30 10:36:56.457  INFO 5704 --- [main] s.w.s.m.m.a.RequestMappingHandlerMapping : Mapped "{[/api/get]}" onto public int com.sumflower.demo.Controller.TerryTestController.get(javax.servlet.http.HttpServletRequest)
2019-06-30 10:36:56.459  INFO 5704 --- [main] s.w.s.m.m.a.RequestMappingHandlerMapping : Mapped "{[/testMysql]}" onto public java.lang.String com.sumflower.demo.Controller.TerryTestController.test()
2019-06-30 10:36:56.459  INFO 5704 --- [main] s.w.s.m.m.a.RequestMappingHandlerMapping : Mapped "{[/api/post]}" onto public java.util.Map com.sumflower.demo.Controller.TerryTestController.post(java.util.Map)
2019-06-30 10:36:56.460  INFO 5704 --- [main] s.w.s.m.m.a.RequestMappingHandlerMapping : Mapped "{[/upload],methods=[GET]}" onto public java.lang.String com.sumflower.demo.Controller.UploadFileController.file()
2019-06-30 10:36:56.461  INFO 5704 --- [main] s.w.s.m.m.a.RequestMappingHandlerMapping : Mapped "{[/upload],methods=[POST]}" onto public java.lang.String com.sumflower.demo.Controller.UploadFileController.upload(org.springframework.web.multipart.MultipartFile) throws java.io.IOException
2019-06-30 10:36:56.461  INFO 5704 --- [main] s.w.s.m.m.a.RequestMappingHandlerMapping : Mapped "{[/api2],methods=[GET]}" onto public com.sumflower.demo.model.Judge com.sumflower.demo.Controller.WinjaceController.api2()
2019-06-30 10:36:56.465  INFO 5704 --- [main] s.w.s.m.m.a.RequestMappingHandlerMapping : Mapped "{[/api/DeleteWork]}" onto public int com.sumflower.demo.Controller.WorkFillController.DeleteWork(java.util.Map)
2019-06-30 10:36:56.466  INFO 5704 --- [main] s.w.s.m.m.a.RequestMappingHandlerMapping : Mapped "{[/api/CreateWorkCookie]}" onto public int com.sumflower.demo.Controller.WorkFillController.CreateWorkCookie(javax.servlet.http.HttpServletRequest,javax.servlet.http.HttpServletResponse)
2019-06-30 10:36:56.467  INFO 5704 --- [main] s.w.s.m.m.a.RequestMappingHandlerMapping : Mapped "{[/api/ViewWorkInfo]}" onto public com.sumflower.demo.model.Project com.sumflower.demo.Controller.WorkFillController.ViewWorkInfo(java.util.Map)
2019-06-30 10:36:56.467  INFO 5704 --- [main] s.w.s.m.m.a.RequestMappingHandlerMapping : Mapped "{[/api/FinishWork]}" onto public int com.sumflower.demo.Controller.WorkFillController.FinishWork(java.util.Map)
2019-06-30 10:36:56.467  INFO 5704 --- [main] s.w.s.m.m.a.RequestMappingHandlerMapping : Mapped "{[/api/CreateWork]}" onto public int com.sumflower.demo.Controller.WorkFillController.CreateWork(java.util.Map)
2019-06-30 10:36:56.467  INFO 5704 --- [main] s.w.s.m.m.a.RequestMappingHandlerMapping : Mapped "{[/api/UpdateWork]}" onto public int com.sumflower.demo.Controller.WorkFillController.UpdateWork(java.util.Map)
2019-06-30 10:36:56.468  INFO 5704 --- [main] s.w.s.m.m.a.RequestMappingHandlerMapping : Mapped "{[/api/ViewWorkList]}" onto public java.util.List<com.sumflower.demo.model.Project> com.sumflower.demo.Controller.WorkFillController.ViewWorkList(java.util.Map)
2019-06-30 10:36:56.473  INFO 5704 --- [main] s.w.s.m.m.a.RequestMappingHandlerMapping : Mapped "{[/error]}" onto public org.springframework.http.ResponseEntity<java.util.Map<java.lang.String, java.lang.Object>> org.springframework.boot.autoconfigure.web.BasicErrorController.error(javax.servlet.http.HttpServletRequest)
2019-06-30 10:36:56.473  INFO 5704 --- [main] s.w.s.m.m.a.RequestMappingHandlerMapping : Mapped "{[/error],produces=[text/html]}" onto public org.springframework.web.servlet.ModelAndView org.springframework.boot.autoconfigure.web.BasicErrorController.errorHtml(javax.servlet.http.HttpServletRequest,javax.servlet.http.HttpServletResponse)
2019-06-30 10:36:56.503  INFO 5704 --- [main] o.s.w.s.handler.SimpleUrlHandlerMapping  : Mapped URL path [/webjars/**] onto handler of type [class org.springframework.web.servlet.resource.ResourceHttpRequestHandler]
2019-06-30 10:36:56.503  INFO 5704 --- [main] o.s.w.s.handler.SimpleUrlHandlerMapping  : Mapped URL path [/**] onto handler of type [class org.springframework.web.servlet.resource.ResourceHttpRequestHandler]
2019-06-30 10:36:56.541  INFO 5704 --- [main] o.s.w.s.handler.SimpleUrlHandlerMapping  : Mapped URL path [/**/favicon.ico] onto handler of type [class org.springframework.web.servlet.resource.ResourceHttpRequestHandler]
2019-06-30 10:36:56.732  INFO 5704 --- [main] o.s.ui.freemarker.SpringTemplateLoader   : SpringTemplateLoader for FreeMarker: using resource loader [org.springframework.web.context.support.GenericWebApplicationContext@50b5ac82: startup date [Sun Jun 30 10:36:54 CST 2019]; root of context hierarchy] and template loader path [classpath:/templates/]
2019-06-30 10:36:56.733  INFO 5704 --- [main] o.s.w.s.v.f.FreeMarkerConfigurer         : ClassTemplateLoader for Spring macros added to FreeMarker configuration
2019-06-30 10:36:56.757  WARN 5704 --- [main] o.s.b.a.f.FreeMarkerAutoConfiguration    : Cannot find template location(s): [classpath:/templates/] (please add some templates, check your FreeMarker configuration, or set spring.freemarker.checkTemplateLocation=false)
2019-06-30 10:36:56.943  INFO 5704 --- [main] com.sumflower.demo.DemoApplicationTests  : Started DemoApplicationTests in 2.893 seconds (JVM running for 3.741)
2019-06-30 10:36:56.997  INFO 5704 --- [Thread-3] o.s.w.c.s.GenericWebApplicationContext   : Closing org.springframework.web.context.support.GenericWebApplicationContext@50b5ac82: startup date [Sun Jun 30 10:36:54 CST 2019]; root of context hierarchy
2019-06-30 14:35:23.704  INFO 16592 --- [restartedMain] com.sumflower.demo.DemoApplication       : Starting DemoApplication on DESKTOP-9GB1UTG with PID 16592 (E:\WorkSpace\Spring\Sunflower-Cup-Competition-Reporting-System\demo\target\classes started by WInjace in E:\WorkSpace\Spring\Sunflower-Cup-Competition-Reporting-System\demo)
2019-06-30 14:35:23.706  INFO 16592 --- [restartedMain] com.sumflower.demo.DemoApplication       : No active profile set, falling back to default profiles: default
2019-06-30 14:35:23.757  INFO 16592 --- [restartedMain] ationConfigEmbeddedWebApplicationContext : Refreshing org.springframework.boot.context.embedded.AnnotationConfigEmbeddedWebApplicationContext@cb4e3b0: startup date [Sun Jun 30 14:35:23 CST 2019]; root of context hierarchy
2019-06-30 14:35:25.488  INFO 16592 --- [restartedMain] s.b.c.e.t.TomcatEmbeddedServletContainer : Tomcat initialized with port(s): 8080 (http)
2019-06-30 14:35:25.522  INFO 16592 --- [restartedMain] o.apache.catalina.core.StandardService   : Starting service [Tomcat]
2019-06-30 14:35:25.522  INFO 16592 --- [restartedMain] org.apache.catalina.core.StandardEngine  : Starting Servlet Engine: Apache Tomcat/8.5.37
2019-06-30 14:35:25.631  INFO 16592 --- [localhost-startStop-1] o.a.c.c.C.[Tomcat].[localhost].[/]       : Initializing Spring embedded WebApplicationContext
2019-06-30 14:35:25.632  INFO 16592 --- [localhost-startStop-1] o.s.web.context.ContextLoader            : Root WebApplicationContext: initialization completed in 1875 ms
2019-06-30 14:35:25.783  INFO 16592 --- [localhost-startStop-1] o.s.b.w.servlet.ServletRegistrationBean  : Mapping servlet: 'dispatcherServlet' to [/]
2019-06-30 14:35:25.787  INFO 16592 --- [localhost-startStop-1] o.s.b.w.servlet.FilterRegistrationBean   : Mapping filter: 'characterEncodingFilter' to: [/*]
2019-06-30 14:35:25.788  INFO 16592 --- [localhost-startStop-1] o.s.b.w.servlet.FilterRegistrationBean   : Mapping filter: 'hiddenHttpMethodFilter' to: [/*]
2019-06-30 14:35:25.789  INFO 16592 --- [localhost-startStop-1] o.s.b.w.servlet.FilterRegistrationBean   : Mapping filter: 'httpPutFormContentFilter' to: [/*]
2019-06-30 14:35:25.789  INFO 16592 --- [localhost-startStop-1] o.s.b.w.servlet.FilterRegistrationBean   : Mapping filter: 'requestContextFilter' to: [/*]
2019-06-30 14:35:26.509  INFO 16592 --- [restartedMain] s.w.s.m.m.a.RequestMappingHandlerAdapter : Looking for @ControllerAdvice: org.springframework.boot.context.embedded.AnnotationConfigEmbeddedWebApplicationContext@cb4e3b0: startup date [Sun Jun 30 14:35:23 CST 2019]; root of context hierarchy
2019-06-30 14:35:26.558  INFO 16592 --- [restartedMain] s.w.s.m.m.a.RequestMappingHandlerMapping : Mapped "{[/studentReg/],methods=[POST]}" onto public java.lang.String com.sumflower.demo.Controller.LoginController.studentReg(java.util.Map,javax.servlet.http.HttpServletResponse)
2019-06-30 14:35:26.560  INFO 16592 --- [restartedMain] s.w.s.m.m.a.RequestMappingHandlerMapping : Mapped "{[/expertReg/],methods=[POST]}" onto public java.lang.String com.sumflower.demo.Controller.LoginController.expertReg(java.util.Map,javax.servlet.http.HttpServletResponse)
2019-06-30 14:35:26.561  INFO 16592 --- [restartedMain] s.w.s.m.m.a.RequestMappingHandlerMapping : Mapped "{[/login/],methods=[POST]}" onto public java.lang.String com.sumflower.demo.Controller.LoginController.studentLogin(java.util.Map,javax.servlet.http.HttpServletResponse)
2019-06-30 14:35:26.561  INFO 16592 --- [restartedMain] s.w.s.m.m.a.RequestMappingHandlerMapping : Mapped "{[/api/DownloadPDF]}" onto public java.lang.String com.sumflower.demo.Controller.PDFController.pdfexport(javax.servlet.http.HttpServletResponse)
2019-06-30 14:35:26.562  INFO 16592 --- [restartedMain] s.w.s.m.m.a.RequestMappingHandlerMapping : Mapped "{[/springUpload]}" onto public java.lang.String com.sumflower.demo.Controller.RanderousController.springUpload(javax.servlet.http.HttpServletRequest) throws java.lang.IllegalStateException,java.io.IOException
2019-06-30 14:35:26.563  INFO 16592 --- [restartedMain] s.w.s.m.m.a.RequestMappingHandlerMapping : Mapped "{[/setCookies]}" onto public java.lang.String com.sumflower.demo.Controller.RanderousController.setCookies(javax.servlet.http.HttpServletResponse)
2019-06-30 14:35:26.563  INFO 16592 --- [restartedMain] s.w.s.m.m.a.RequestMappingHandlerMapping : Mapped "{[/getCookies]}" onto public java.lang.String com.sumflower.demo.Controller.RanderousController.getCookies(javax.servlet.http.HttpServletRequest)
2019-06-30 14:35:26.564  INFO 16592 --- [restartedMain] s.w.s.m.m.a.RequestMappingHandlerMapping : Mapped "{[/api/get]}" onto public int com.sumflower.demo.Controller.TerryTestController.get(javax.servlet.http.HttpServletRequest)
2019-06-30 14:35:26.564  INFO 16592 --- [restartedMain] s.w.s.m.m.a.RequestMappingHandlerMapping : Mapped "{[/testMysql]}" onto public java.lang.String com.sumflower.demo.Controller.TerryTestController.test()
2019-06-30 14:35:26.565  INFO 16592 --- [restartedMain] s.w.s.m.m.a.RequestMappingHandlerMapping : Mapped "{[/api/post]}" onto public java.util.Map com.sumflower.demo.Controller.TerryTestController.post(java.util.Map)
2019-06-30 14:35:26.565  INFO 16592 --- [restartedMain] s.w.s.m.m.a.RequestMappingHandlerMapping : Mapped "{[/upload],methods=[GET]}" onto public java.lang.String com.sumflower.demo.Controller.UploadFileController.file()
2019-06-30 14:35:26.566  INFO 16592 --- [restartedMain] s.w.s.m.m.a.RequestMappingHandlerMapping : Mapped "{[/upload],methods=[POST]}" onto public java.lang.String com.sumflower.demo.Controller.UploadFileController.upload(org.springframework.web.multipart.MultipartFile) throws java.io.IOException
2019-06-30 14:35:26.567  INFO 16592 --- [restartedMain] s.w.s.m.m.a.RequestMappingHandlerMapping : Mapped "{[/api2],methods=[GET]}" onto public com.sumflower.demo.model.Judge com.sumflower.demo.Controller.WinjaceController.api2()
2019-06-30 14:35:26.570  INFO 16592 --- [restartedMain] s.w.s.m.m.a.RequestMappingHandlerMapping : Mapped "{[/api/FinishWork]}" onto public int com.sumflower.demo.Controller.WorkFillController.FinishWork(java.util.Map)
2019-06-30 14:35:26.570  INFO 16592 --- [restartedMain] s.w.s.m.m.a.RequestMappingHandlerMapping : Mapped "{[/api/CreateWorkCookie]}" onto public int com.sumflower.demo.Controller.WorkFillController.CreateWorkCookie(javax.servlet.http.HttpServletRequest,javax.servlet.http.HttpServletResponse)
2019-06-30 14:35:26.570  INFO 16592 --- [restartedMain] s.w.s.m.m.a.RequestMappingHandlerMapping : Mapped "{[/api/ViewWorkInfo]}" onto public com.sumflower.demo.model.Project com.sumflower.demo.Controller.WorkFillController.ViewWorkInfo(java.util.Map)
2019-06-30 14:35:26.571  INFO 16592 --- [restartedMain] s.w.s.m.m.a.RequestMappingHandlerMapping : Mapped "{[/api/ViewWorkList]}" onto public java.util.List<com.sumflower.demo.model.Project> com.sumflower.demo.Controller.WorkFillController.ViewWorkList(java.util.Map)
2019-06-30 14:35:26.571  INFO 16592 --- [restartedMain] s.w.s.m.m.a.RequestMappingHandlerMapping : Mapped "{[/api/UpdateWork]}" onto public int com.sumflower.demo.Controller.WorkFillController.UpdateWork(java.util.Map)
2019-06-30 14:35:26.572  INFO 16592 --- [restartedMain] s.w.s.m.m.a.RequestMappingHandlerMapping : Mapped "{[/api/DeleteWork]}" onto public int com.sumflower.demo.Controller.WorkFillController.DeleteWork(java.util.Map)
2019-06-30 14:35:26.573  INFO 16592 --- [restartedMain] s.w.s.m.m.a.RequestMappingHandlerMapping : Mapped "{[/api/CreateWork]}" onto public int com.sumflower.demo.Controller.WorkFillController.CreateWork(java.util.Map)
2019-06-30 14:35:26.575  INFO 16592 --- [restartedMain] s.w.s.m.m.a.RequestMappingHandlerMapping : Mapped "{[/error]}" onto public org.springframework.http.ResponseEntity<java.util.Map<java.lang.String, java.lang.Object>> org.springframework.boot.autoconfigure.web.BasicErrorController.error(javax.servlet.http.HttpServletRequest)
2019-06-30 14:35:26.576  INFO 16592 --- [restartedMain] s.w.s.m.m.a.RequestMappingHandlerMapping : Mapped "{[/error],produces=[text/html]}" onto public org.springframework.web.servlet.ModelAndView org.springframework.boot.autoconfigure.web.BasicErrorController.errorHtml(javax.servlet.http.HttpServletRequest,javax.servlet.http.HttpServletResponse)
2019-06-30 14:35:26.601  INFO 16592 --- [restartedMain] o.s.w.s.handler.SimpleUrlHandlerMapping  : Mapped URL path [/webjars/**] onto handler of type [class org.springframework.web.servlet.resource.ResourceHttpRequestHandler]
2019-06-30 14:35:26.601  INFO 16592 --- [restartedMain] o.s.w.s.handler.SimpleUrlHandlerMapping  : Mapped URL path [/**] onto handler of type [class org.springframework.web.servlet.resource.ResourceHttpRequestHandler]
2019-06-30 14:35:26.634  INFO 16592 --- [restartedMain] o.s.w.s.handler.SimpleUrlHandlerMapping  : Mapped URL path [/**/favicon.ico] onto handler of type [class org.springframework.web.servlet.resource.ResourceHttpRequestHandler]
2019-06-30 14:35:26.797  INFO 16592 --- [restartedMain] o.s.ui.freemarker.SpringTemplateLoader   : SpringTemplateLoader for FreeMarker: using resource loader [org.springframework.boot.context.embedded.AnnotationConfigEmbeddedWebApplicationContext@cb4e3b0: startup date [Sun Jun 30 14:35:23 CST 2019]; root of context hierarchy] and template loader path [classpath:/templates/]
2019-06-30 14:35:26.799  INFO 16592 --- [restartedMain] o.s.w.s.v.f.FreeMarkerConfigurer         : ClassTemplateLoader for Spring macros added to FreeMarker configuration
2019-06-30 14:35:26.822  WARN 16592 --- [restartedMain] o.s.b.a.f.FreeMarkerAutoConfiguration    : Cannot find template location(s): [classpath:/templates/] (please add some templates, check your FreeMarker configuration, or set spring.freemarker.checkTemplateLocation=false)
2019-06-30 14:35:26.966  INFO 16592 --- [restartedMain] o.s.b.d.a.OptionalLiveReloadServer       : LiveReload server is running on port 35729
2019-06-30 14:35:27.012  INFO 16592 --- [restartedMain] o.s.j.e.a.AnnotationMBeanExporter        : Registering beans for JMX exposure on startup
2019-06-30 14:35:27.056  INFO 16592 --- [restartedMain] s.b.c.e.t.TomcatEmbeddedServletContainer : Tomcat started on port(s): 8080 (http)
2019-06-30 14:35:27.061  INFO 16592 --- [restartedMain] com.sumflower.demo.DemoApplication       : Started DemoApplication in 3.601 seconds (JVM running for 6.427)
2019-06-30 14:35:32.850  INFO 16592 --- [http-nio-8080-exec-1] o.a.c.c.C.[Tomcat].[localhost].[/]       : Initializing Spring FrameworkServlet 'dispatcherServlet'
2019-06-30 14:35:32.851  INFO 16592 --- [http-nio-8080-exec-1] o.s.web.servlet.DispatcherServlet        : FrameworkServlet 'dispatcherServlet': initialization started
2019-06-30 14:35:32.916  INFO 16592 --- [http-nio-8080-exec-1] o.s.web.servlet.DispatcherServlet        : FrameworkServlet 'dispatcherServlet': initialization completed in 65 ms
2019-06-30 14:49:47.553  INFO 18940 --- [restartedMain] com.sumflower.demo.DemoApplication       : Starting DemoApplication on DESKTOP-9GB1UTG with PID 18940 (E:\WorkSpace\Spring\Sunflower-Cup-Competition-Reporting-System\demo\target\classes started by WInjace in E:\WorkSpace\Spring\Sunflower-Cup-Competition-Reporting-System\demo)
2019-06-30 14:49:47.554  INFO 18940 --- [restartedMain] com.sumflower.demo.DemoApplication       : No active profile set, falling back to default profiles: default
2019-06-30 14:49:47.608  INFO 18940 --- [restartedMain] ationConfigEmbeddedWebApplicationContext : Refreshing org.springframework.boot.context.embedded.AnnotationConfigEmbeddedWebApplicationContext@14f744a4: startup date [Sun Jun 30 14:49:47 CST 2019]; root of context hierarchy
2019-06-30 14:49:49.239  INFO 18940 --- [restartedMain] s.b.c.e.t.TomcatEmbeddedServletContainer : Tomcat initialized with port(s): 8080 (http)
2019-06-30 14:49:49.267  INFO 18940 --- [restartedMain] o.apache.catalina.core.StandardService   : Starting service [Tomcat]
2019-06-30 14:49:49.267  INFO 18940 --- [restartedMain] org.apache.catalina.core.StandardEngine  : Starting Servlet Engine: Apache Tomcat/8.5.37
2019-06-30 14:49:49.372  INFO 18940 --- [localhost-startStop-1] o.a.c.c.C.[Tomcat].[localhost].[/]       : Initializing Spring embedded WebApplicationContext
2019-06-30 14:49:49.372  INFO 18940 --- [localhost-startStop-1] o.s.web.context.ContextLoader            : Root WebApplicationContext: initialization completed in 1764 ms
2019-06-30 14:49:49.507  INFO 18940 --- [localhost-startStop-1] o.s.b.w.servlet.ServletRegistrationBean  : Mapping servlet: 'dispatcherServlet' to [/]
2019-06-30 14:49:49.512  INFO 18940 --- [localhost-startStop-1] o.s.b.w.servlet.FilterRegistrationBean   : Mapping filter: 'characterEncodingFilter' to: [/*]
2019-06-30 14:49:49.512  INFO 18940 --- [localhost-startStop-1] o.s.b.w.servlet.FilterRegistrationBean   : Mapping filter: 'hiddenHttpMethodFilter' to: [/*]
2019-06-30 14:49:49.512  INFO 18940 --- [localhost-startStop-1] o.s.b.w.servlet.FilterRegistrationBean   : Mapping filter: 'httpPutFormContentFilter' to: [/*]
2019-06-30 14:49:49.513  INFO 18940 --- [localhost-startStop-1] o.s.b.w.servlet.FilterRegistrationBean   : Mapping filter: 'requestContextFilter' to: [/*]
2019-06-30 14:49:50.160  INFO 18940 --- [restartedMain] s.w.s.m.m.a.RequestMappingHandlerAdapter : Looking for @ControllerAdvice: org.springframework.boot.context.embedded.AnnotationConfigEmbeddedWebApplicationContext@14f744a4: startup date [Sun Jun 30 14:49:47 CST 2019]; root of context hierarchy
2019-06-30 14:49:50.215  INFO 18940 --- [restartedMain] s.w.s.m.m.a.RequestMappingHandlerMapping : Mapped "{[/expertReg/],methods=[POST]}" onto public java.lang.String com.sumflower.demo.Controller.LoginController.expertReg(java.util.Map,javax.servlet.http.HttpServletResponse)
2019-06-30 14:49:50.218  INFO 18940 --- [restartedMain] s.w.s.m.m.a.RequestMappingHandlerMapping : Mapped "{[/login/],methods=[POST]}" onto public java.lang.String com.sumflower.demo.Controller.LoginController.studentLogin(java.util.Map,javax.servlet.http.HttpServletResponse)
2019-06-30 14:49:50.218  INFO 18940 --- [restartedMain] s.w.s.m.m.a.RequestMappingHandlerMapping : Mapped "{[/studentReg/],methods=[POST]}" onto public java.lang.String com.sumflower.demo.Controller.LoginController.studentReg(java.util.Map,javax.servlet.http.HttpServletResponse)
2019-06-30 14:49:50.219  INFO 18940 --- [restartedMain] s.w.s.m.m.a.RequestMappingHandlerMapping : Mapped "{[/api/DownloadPDF]}" onto public java.lang.String com.sumflower.demo.Controller.PDFController.pdfexport(javax.servlet.http.HttpServletResponse)
2019-06-30 14:49:50.220  INFO 18940 --- [restartedMain] s.w.s.m.m.a.RequestMappingHandlerMapping : Mapped "{[/getCookies]}" onto public java.lang.String com.sumflower.demo.Controller.RanderousController.getCookies(javax.servlet.http.HttpServletRequest)
2019-06-30 14:49:50.220  INFO 18940 --- [restartedMain] s.w.s.m.m.a.RequestMappingHandlerMapping : Mapped "{[/setCookies]}" onto public java.lang.String com.sumflower.demo.Controller.RanderousController.setCookies(javax.servlet.http.HttpServletResponse)
2019-06-30 14:49:50.221  INFO 18940 --- [restartedMain] s.w.s.m.m.a.RequestMappingHandlerMapping : Mapped "{[/springUpload]}" onto public java.lang.String com.sumflower.demo.Controller.RanderousController.springUpload(javax.servlet.http.HttpServletRequest) throws java.lang.IllegalStateException,java.io.IOException
2019-06-30 14:49:50.222  INFO 18940 --- [restartedMain] s.w.s.m.m.a.RequestMappingHandlerMapping : Mapped "{[/api/get]}" onto public int com.sumflower.demo.Controller.TerryTestController.get(javax.servlet.http.HttpServletRequest)
2019-06-30 14:49:50.222  INFO 18940 --- [restartedMain] s.w.s.m.m.a.RequestMappingHandlerMapping : Mapped "{[/testMysql]}" onto public java.lang.String com.sumflower.demo.Controller.TerryTestController.test()
2019-06-30 14:49:50.223  INFO 18940 --- [restartedMain] s.w.s.m.m.a.RequestMappingHandlerMapping : Mapped "{[/api/post]}" onto public java.util.Map com.sumflower.demo.Controller.TerryTestController.post(java.util.Map)
2019-06-30 14:49:50.223  INFO 18940 --- [restartedMain] s.w.s.m.m.a.RequestMappingHandlerMapping : Mapped "{[/upload],methods=[GET]}" onto public java.lang.String com.sumflower.demo.Controller.UploadFileController.file()
2019-06-30 14:49:50.224  INFO 18940 --- [restartedMain] s.w.s.m.m.a.RequestMappingHandlerMapping : Mapped "{[/upload],methods=[POST]}" onto public java.lang.String com.sumflower.demo.Controller.UploadFileController.upload(org.springframework.web.multipart.MultipartFile) throws java.io.IOException
2019-06-30 14:49:50.224  INFO 18940 --- [restartedMain] s.w.s.m.m.a.RequestMappingHandlerMapping : Mapped "{[/api2],methods=[GET]}" onto public com.sumflower.demo.model.Judge com.sumflower.demo.Controller.WinjaceController.api2()
2019-06-30 14:49:50.226  INFO 18940 --- [restartedMain] s.w.s.m.m.a.RequestMappingHandlerMapping : Mapped "{[/api/CreateWorkCookie]}" onto public int com.sumflower.demo.Controller.WorkFillController.CreateWorkCookie(javax.servlet.http.HttpServletRequest,javax.servlet.http.HttpServletResponse)
2019-06-30 14:49:50.227  INFO 18940 --- [restartedMain] s.w.s.m.m.a.RequestMappingHandlerMapping : Mapped "{[/api/FinishWork]}" onto public int com.sumflower.demo.Controller.WorkFillController.FinishWork(java.util.Map)
2019-06-30 14:49:50.227  INFO 18940 --- [restartedMain] s.w.s.m.m.a.RequestMappingHandlerMapping : Mapped "{[/api/CreateWork]}" onto public int com.sumflower.demo.Controller.WorkFillController.CreateWork(java.util.Map)
2019-06-30 14:49:50.228  INFO 18940 --- [restartedMain] s.w.s.m.m.a.RequestMappingHandlerMapping : Mapped "{[/api/DeleteWork]}" onto public int com.sumflower.demo.Controller.WorkFillController.DeleteWork(java.util.Map)
2019-06-30 14:49:50.228  INFO 18940 --- [restartedMain] s.w.s.m.m.a.RequestMappingHandlerMapping : Mapped "{[/api/UpdateWork]}" onto public int com.sumflower.demo.Controller.WorkFillController.UpdateWork(java.util.Map)
2019-06-30 14:49:50.229  INFO 18940 --- [restartedMain] s.w.s.m.m.a.RequestMappingHandlerMapping : Mapped "{[/api/ViewWorkList]}" onto public java.util.List<com.sumflower.demo.model.Project> com.sumflower.demo.Controller.WorkFillController.ViewWorkList(java.util.Map)
2019-06-30 14:49:50.231  INFO 18940 --- [restartedMain] s.w.s.m.m.a.RequestMappingHandlerMapping : Mapped "{[/api/ViewWorkInfo]}" onto public com.sumflower.demo.model.Project com.sumflower.demo.Controller.WorkFillController.ViewWorkInfo(java.util.Map)
2019-06-30 14:49:50.233  INFO 18940 --- [restartedMain] s.w.s.m.m.a.RequestMappingHandlerMapping : Mapped "{[/error]}" onto public org.springframework.http.ResponseEntity<java.util.Map<java.lang.String, java.lang.Object>> org.springframework.boot.autoconfigure.web.BasicErrorController.error(javax.servlet.http.HttpServletRequest)
2019-06-30 14:49:50.233  INFO 18940 --- [restartedMain] s.w.s.m.m.a.RequestMappingHandlerMapping : Mapped "{[/error],produces=[text/html]}" onto public org.springframework.web.servlet.ModelAndView org.springframework.boot.autoconfigure.web.BasicErrorController.errorHtml(javax.servlet.http.HttpServletRequest,javax.servlet.http.HttpServletResponse)
2019-06-30 14:49:50.262  INFO 18940 --- [restartedMain] o.s.w.s.handler.SimpleUrlHandlerMapping  : Mapped URL path [/webjars/**] onto handler of type [class org.springframework.web.servlet.resource.ResourceHttpRequestHandler]
2019-06-30 14:49:50.262  INFO 18940 --- [restartedMain] o.s.w.s.handler.SimpleUrlHandlerMapping  : Mapped URL path [/**] onto handler of type [class org.springframework.web.servlet.resource.ResourceHttpRequestHandler]
2019-06-30 14:49:50.297  INFO 18940 --- [restartedMain] o.s.w.s.handler.SimpleUrlHandlerMapping  : Mapped URL path [/**/favicon.ico] onto handler of type [class org.springframework.web.servlet.resource.ResourceHttpRequestHandler]
2019-06-30 14:49:50.459  INFO 18940 --- [restartedMain] o.s.ui.freemarker.SpringTemplateLoader   : SpringTemplateLoader for FreeMarker: using resource loader [org.springframework.boot.context.embedded.AnnotationConfigEmbeddedWebApplicationContext@14f744a4: startup date [Sun Jun 30 14:49:47 CST 2019]; root of context hierarchy] and template loader path [classpath:/templates/]
2019-06-30 14:49:50.460  INFO 18940 --- [restartedMain] o.s.w.s.v.f.FreeMarkerConfigurer         : ClassTemplateLoader for Spring macros added to FreeMarker configuration
2019-06-30 14:49:50.484  WARN 18940 --- [restartedMain] o.s.b.a.f.FreeMarkerAutoConfiguration    : Cannot find template location(s): [classpath:/templates/] (please add some templates, check your FreeMarker configuration, or set spring.freemarker.checkTemplateLocation=false)
2019-06-30 14:49:50.621  INFO 18940 --- [restartedMain] o.s.b.d.a.OptionalLiveReloadServer       : LiveReload server is running on port 35729
2019-06-30 14:49:50.665  INFO 18940 --- [restartedMain] o.s.j.e.a.AnnotationMBeanExporter        : Registering beans for JMX exposure on startup
2019-06-30 14:49:50.706  INFO 18940 --- [restartedMain] s.b.c.e.t.TomcatEmbeddedServletContainer : Tomcat started on port(s): 8080 (http)
2019-06-30 14:49:50.710  INFO 18940 --- [restartedMain] com.sumflower.demo.DemoApplication       : Started DemoApplication in 3.427 seconds (JVM running for 6.61)
2019-06-30 14:51:04.882  INFO 18940 --- [http-nio-8080-exec-1] o.a.c.c.C.[Tomcat].[localhost].[/]       : Initializing Spring FrameworkServlet 'dispatcherServlet'
2019-06-30 14:51:04.883  INFO 18940 --- [http-nio-8080-exec-1] o.s.web.servlet.DispatcherServlet        : FrameworkServlet 'dispatcherServlet': initialization started
2019-06-30 14:51:04.920  INFO 18940 --- [http-nio-8080-exec-1] o.s.web.servlet.DispatcherServlet        : FrameworkServlet 'dispatcherServlet': initialization completed in 37 ms
2019-06-30 14:52:47.020  INFO 1560 --- [restartedMain] com.sumflower.demo.DemoApplication       : Starting DemoApplication on DESKTOP-9GB1UTG with PID 1560 (E:\WorkSpace\Spring\Sunflower-Cup-Competition-Reporting-System\demo\target\classes started by WInjace in E:\WorkSpace\Spring\Sunflower-Cup-Competition-Reporting-System\demo)
2019-06-30 14:52:47.021  INFO 1560 --- [restartedMain] com.sumflower.demo.DemoApplication       : No active profile set, falling back to default profiles: default
2019-06-30 14:52:47.064  INFO 1560 --- [restartedMain] ationConfigEmbeddedWebApplicationContext : Refreshing org.springframework.boot.context.embedded.AnnotationConfigEmbeddedWebApplicationContext@591fca34: startup date [Sun Jun 30 14:52:47 CST 2019]; root of context hierarchy
2019-06-30 14:52:48.710  INFO 1560 --- [restartedMain] s.b.c.e.t.TomcatEmbeddedServletContainer : Tomcat initialized with port(s): 8080 (http)
2019-06-30 14:52:48.737  INFO 1560 --- [restartedMain] o.apache.catalina.core.StandardService   : Starting service [Tomcat]
2019-06-30 14:52:48.737  INFO 1560 --- [restartedMain] org.apache.catalina.core.StandardEngine  : Starting Servlet Engine: Apache Tomcat/8.5.37
2019-06-30 14:52:48.836  INFO 1560 --- [localhost-startStop-1] o.a.c.c.C.[Tomcat].[localhost].[/]       : Initializing Spring embedded WebApplicationContext
2019-06-30 14:52:48.837  INFO 1560 --- [localhost-startStop-1] o.s.web.context.ContextLoader            : Root WebApplicationContext: initialization completed in 1773 ms
2019-06-30 14:52:48.967  INFO 1560 --- [localhost-startStop-1] o.s.b.w.servlet.ServletRegistrationBean  : Mapping servlet: 'dispatcherServlet' to [/]
2019-06-30 14:52:48.971  INFO 1560 --- [localhost-startStop-1] o.s.b.w.servlet.FilterRegistrationBean   : Mapping filter: 'characterEncodingFilter' to: [/*]
2019-06-30 14:52:48.972  INFO 1560 --- [localhost-startStop-1] o.s.b.w.servlet.FilterRegistrationBean   : Mapping filter: 'hiddenHttpMethodFilter' to: [/*]
2019-06-30 14:52:48.972  INFO 1560 --- [localhost-startStop-1] o.s.b.w.servlet.FilterRegistrationBean   : Mapping filter: 'httpPutFormContentFilter' to: [/*]
2019-06-30 14:52:48.972  INFO 1560 --- [localhost-startStop-1] o.s.b.w.servlet.FilterRegistrationBean   : Mapping filter: 'requestContextFilter' to: [/*]
2019-06-30 14:52:49.571  INFO 1560 --- [restartedMain] s.w.s.m.m.a.RequestMappingHandlerAdapter : Looking for @ControllerAdvice: org.springframework.boot.context.embedded.AnnotationConfigEmbeddedWebApplicationContext@591fca34: startup date [Sun Jun 30 14:52:47 CST 2019]; root of context hierarchy
2019-06-30 14:52:49.619  INFO 1560 --- [restartedMain] s.w.s.m.m.a.RequestMappingHandlerMapping : Mapped "{[/studentReg/],methods=[POST]}" onto public java.lang.String com.sumflower.demo.Controller.LoginController.studentReg(java.util.Map,javax.servlet.http.HttpServletResponse)
2019-06-30 14:52:49.621  INFO 1560 --- [restartedMain] s.w.s.m.m.a.RequestMappingHandlerMapping : Mapped "{[/expertReg/],methods=[POST]}" onto public java.lang.String com.sumflower.demo.Controller.LoginController.expertReg(java.util.Map,javax.servlet.http.HttpServletResponse)
2019-06-30 14:52:49.622  INFO 1560 --- [restartedMain] s.w.s.m.m.a.RequestMappingHandlerMapping : Mapped "{[/login/],methods=[POST]}" onto public java.lang.String com.sumflower.demo.Controller.LoginController.studentLogin(java.util.Map,javax.servlet.http.HttpServletResponse)
2019-06-30 14:52:49.623  INFO 1560 --- [restartedMain] s.w.s.m.m.a.RequestMappingHandlerMapping : Mapped "{[/api/DownloadPDF]}" onto public java.lang.String com.sumflower.demo.Controller.PDFController.pdfexport(javax.servlet.http.HttpServletResponse)
2019-06-30 14:52:49.624  INFO 1560 --- [restartedMain] s.w.s.m.m.a.RequestMappingHandlerMapping : Mapped "{[/getCookies]}" onto public java.lang.String com.sumflower.demo.Controller.RanderousController.getCookies(javax.servlet.http.HttpServletRequest)
2019-06-30 14:52:49.624  INFO 1560 --- [restartedMain] s.w.s.m.m.a.RequestMappingHandlerMapping : Mapped "{[/springUpload]}" onto public java.lang.String com.sumflower.demo.Controller.RanderousController.springUpload(javax.servlet.http.HttpServletRequest) throws java.lang.IllegalStateException,java.io.IOException
2019-06-30 14:52:49.624  INFO 1560 --- [restartedMain] s.w.s.m.m.a.RequestMappingHandlerMapping : Mapped "{[/setCookies]}" onto public java.lang.String com.sumflower.demo.Controller.RanderousController.setCookies(javax.servlet.http.HttpServletResponse)
2019-06-30 14:52:49.625  INFO 1560 --- [restartedMain] s.w.s.m.m.a.RequestMappingHandlerMapping : Mapped "{[/api/get]}" onto public int com.sumflower.demo.Controller.TerryTestController.get(javax.servlet.http.HttpServletRequest)
2019-06-30 14:52:49.625  INFO 1560 --- [restartedMain] s.w.s.m.m.a.RequestMappingHandlerMapping : Mapped "{[/testMysql]}" onto public java.lang.String com.sumflower.demo.Controller.TerryTestController.test()
2019-06-30 14:52:49.626  INFO 1560 --- [restartedMain] s.w.s.m.m.a.RequestMappingHandlerMapping : Mapped "{[/api/post]}" onto public java.util.Map com.sumflower.demo.Controller.TerryTestController.post(java.util.Map)
2019-06-30 14:52:49.627  INFO 1560 --- [restartedMain] s.w.s.m.m.a.RequestMappingHandlerMapping : Mapped "{[/upload],methods=[GET]}" onto public java.lang.String com.sumflower.demo.Controller.UploadFileController.file()
2019-06-30 14:52:49.627  INFO 1560 --- [restartedMain] s.w.s.m.m.a.RequestMappingHandlerMapping : Mapped "{[/upload],methods=[POST]}" onto public java.lang.String com.sumflower.demo.Controller.UploadFileController.upload(org.springframework.web.multipart.MultipartFile) throws java.io.IOException
2019-06-30 14:52:49.627  INFO 1560 --- [restartedMain] s.w.s.m.m.a.RequestMappingHandlerMapping : Mapped "{[/api2],methods=[GET]}" onto public com.sumflower.demo.model.Judge com.sumflower.demo.Controller.WinjaceController.api2()
2019-06-30 14:52:49.630  INFO 1560 --- [restartedMain] s.w.s.m.m.a.RequestMappingHandlerMapping : Mapped "{[/api/ViewWorkInfo]}" onto public com.sumflower.demo.model.Project com.sumflower.demo.Controller.WorkFillController.ViewWorkInfo(java.util.Map)
2019-06-30 14:52:49.630  INFO 1560 --- [restartedMain] s.w.s.m.m.a.RequestMappingHandlerMapping : Mapped "{[/api/DeleteWork]}" onto public int com.sumflower.demo.Controller.WorkFillController.DeleteWork(java.util.Map)
2019-06-30 14:52:49.631  INFO 1560 --- [restartedMain] s.w.s.m.m.a.RequestMappingHandlerMapping : Mapped "{[/api/CreateWork]}" onto public int com.sumflower.demo.Controller.WorkFillController.CreateWork(java.util.Map)
2019-06-30 14:52:49.631  INFO 1560 --- [restartedMain] s.w.s.m.m.a.RequestMappingHandlerMapping : Mapped "{[/api/UpdateWork]}" onto public int com.sumflower.demo.Controller.WorkFillController.UpdateWork(java.util.Map)
2019-06-30 14:52:49.632  INFO 1560 --- [restartedMain] s.w.s.m.m.a.RequestMappingHandlerMapping : Mapped "{[/api/FinishWork]}" onto public int com.sumflower.demo.Controller.WorkFillController.FinishWork(java.util.Map)
2019-06-30 14:52:49.632  INFO 1560 --- [restartedMain] s.w.s.m.m.a.RequestMappingHandlerMapping : Mapped "{[/api/CreateWorkCookie]}" onto public int com.sumflower.demo.Controller.WorkFillController.CreateWorkCookie(javax.servlet.http.HttpServletRequest,javax.servlet.http.HttpServletResponse)
2019-06-30 14:52:49.634  INFO 1560 --- [restartedMain] s.w.s.m.m.a.RequestMappingHandlerMapping : Mapped "{[/api/ViewWorkList]}" onto public java.util.List<com.sumflower.demo.model.Project> com.sumflower.demo.Controller.WorkFillController.ViewWorkList(java.util.Map)
2019-06-30 14:52:49.636  INFO 1560 --- [restartedMain] s.w.s.m.m.a.RequestMappingHandlerMapping : Mapped "{[/error]}" onto public org.springframework.http.ResponseEntity<java.util.Map<java.lang.String, java.lang.Object>> org.springframework.boot.autoconfigure.web.BasicErrorController.error(javax.servlet.http.HttpServletRequest)
2019-06-30 14:52:49.636  INFO 1560 --- [restartedMain] s.w.s.m.m.a.RequestMappingHandlerMapping : Mapped "{[/error],produces=[text/html]}" onto public org.springframework.web.servlet.ModelAndView org.springframework.boot.autoconfigure.web.BasicErrorController.errorHtml(javax.servlet.http.HttpServletRequest,javax.servlet.http.HttpServletResponse)
2019-06-30 14:52:49.662  INFO 1560 --- [restartedMain] o.s.w.s.handler.SimpleUrlHandlerMapping  : Mapped URL path [/webjars/**] onto handler of type [class org.springframework.web.servlet.resource.ResourceHttpRequestHandler]
2019-06-30 14:52:49.662  INFO 1560 --- [restartedMain] o.s.w.s.handler.SimpleUrlHandlerMapping  : Mapped URL path [/**] onto handler of type [class org.springframework.web.servlet.resource.ResourceHttpRequestHandler]
2019-06-30 14:52:49.692  INFO 1560 --- [restartedMain] o.s.w.s.handler.SimpleUrlHandlerMapping  : Mapped URL path [/**/favicon.ico] onto handler of type [class org.springframework.web.servlet.resource.ResourceHttpRequestHandler]
2019-06-30 14:52:49.847  INFO 1560 --- [restartedMain] o.s.ui.freemarker.SpringTemplateLoader   : SpringTemplateLoader for FreeMarker: using resource loader [org.springframework.boot.context.embedded.AnnotationConfigEmbeddedWebApplicationContext@591fca34: startup date [Sun Jun 30 14:52:47 CST 2019]; root of context hierarchy] and template loader path [classpath:/templates/]
2019-06-30 14:52:49.848  INFO 1560 --- [restartedMain] o.s.w.s.v.f.FreeMarkerConfigurer         : ClassTemplateLoader for Spring macros added to FreeMarker configuration
2019-06-30 14:52:49.873  WARN 1560 --- [restartedMain] o.s.b.a.f.FreeMarkerAutoConfiguration    : Cannot find template location(s): [classpath:/templates/] (please add some templates, check your FreeMarker configuration, or set spring.freemarker.checkTemplateLocation=false)
2019-06-30 14:52:50.015  INFO 1560 --- [restartedMain] o.s.b.d.a.OptionalLiveReloadServer       : LiveReload server is running on port 35729
2019-06-30 14:52:50.060  INFO 1560 --- [restartedMain] o.s.j.e.a.AnnotationMBeanExporter        : Registering beans for JMX exposure on startup
2019-06-30 14:52:50.100  INFO 1560 --- [restartedMain] s.b.c.e.t.TomcatEmbeddedServletContainer : Tomcat started on port(s): 8080 (http)
2019-06-30 14:52:50.105  INFO 1560 --- [restartedMain] com.sumflower.demo.DemoApplication       : Started DemoApplication in 3.349 seconds (JVM running for 6.692)
2019-06-30 14:53:16.670  INFO 1560 --- [http-nio-8080-exec-1] o.a.c.c.C.[Tomcat].[localhost].[/]       : Initializing Spring FrameworkServlet 'dispatcherServlet'
2019-06-30 14:53:16.671  INFO 1560 --- [http-nio-8080-exec-1] o.s.web.servlet.DispatcherServlet        : FrameworkServlet 'dispatcherServlet': initialization started
2019-06-30 14:53:16.696  INFO 1560 --- [http-nio-8080-exec-1] o.s.web.servlet.DispatcherServlet        : FrameworkServlet 'dispatcherServlet': initialization completed in 25 ms
2019-06-30 14:53:38.532  INFO 12408 --- [restartedMain] com.sumflower.demo.DemoApplication       : Starting DemoApplication on DESKTOP-9GB1UTG with PID 12408 (E:\WorkSpace\Spring\Sunflower-Cup-Competition-Reporting-System\demo\target\classes started by WInjace in E:\WorkSpace\Spring\Sunflower-Cup-Competition-Reporting-System\demo)
2019-06-30 14:53:38.533  INFO 12408 --- [restartedMain] com.sumflower.demo.DemoApplication       : No active profile set, falling back to default profiles: default
2019-06-30 14:53:38.581  INFO 12408 --- [restartedMain] ationConfigEmbeddedWebApplicationContext : Refreshing org.springframework.boot.context.embedded.AnnotationConfigEmbeddedWebApplicationContext@6ae0de47: startup date [Sun Jun 30 14:53:38 CST 2019]; root of context hierarchy
2019-06-30 14:53:40.502  INFO 12408 --- [restartedMain] s.b.c.e.t.TomcatEmbeddedServletContainer : Tomcat initialized with port(s): 8080 (http)
2019-06-30 14:53:40.534  INFO 12408 --- [restartedMain] o.apache.catalina.core.StandardService   : Starting service [Tomcat]
2019-06-30 14:53:40.534  INFO 12408 --- [restartedMain] org.apache.catalina.core.StandardEngine  : Starting Servlet Engine: Apache Tomcat/8.5.37
2019-06-30 14:53:40.651  INFO 12408 --- [localhost-startStop-1] o.a.c.c.C.[Tomcat].[localhost].[/]       : Initializing Spring embedded WebApplicationContext
2019-06-30 14:53:40.651  INFO 12408 --- [localhost-startStop-1] o.s.web.context.ContextLoader            : Root WebApplicationContext: initialization completed in 2070 ms
2019-06-30 14:53:40.849  INFO 12408 --- [localhost-startStop-1] o.s.b.w.servlet.ServletRegistrationBean  : Mapping servlet: 'dispatcherServlet' to [/]
2019-06-30 14:53:40.854  INFO 12408 --- [localhost-startStop-1] o.s.b.w.servlet.FilterRegistrationBean   : Mapping filter: 'characterEncodingFilter' to: [/*]
2019-06-30 14:53:40.854  INFO 12408 --- [localhost-startStop-1] o.s.b.w.servlet.FilterRegistrationBean   : Mapping filter: 'hiddenHttpMethodFilter' to: [/*]
2019-06-30 14:53:40.855  INFO 12408 --- [localhost-startStop-1] o.s.b.w.servlet.FilterRegistrationBean   : Mapping filter: 'httpPutFormContentFilter' to: [/*]
2019-06-30 14:53:40.855  INFO 12408 --- [localhost-startStop-1] o.s.b.w.servlet.FilterRegistrationBean   : Mapping filter: 'requestContextFilter' to: [/*]
2019-06-30 14:53:41.650  INFO 12408 --- [restartedMain] s.w.s.m.m.a.RequestMappingHandlerAdapter : Looking for @ControllerAdvice: org.springframework.boot.context.embedded.AnnotationConfigEmbeddedWebApplicationContext@6ae0de47: startup date [Sun Jun 30 14:53:38 CST 2019]; root of context hierarchy
2019-06-30 14:53:41.723  INFO 12408 --- [restartedMain] s.w.s.m.m.a.RequestMappingHandlerMapping : Mapped "{[/studentReg/],methods=[POST]}" onto public java.lang.String com.sumflower.demo.Controller.LoginController.studentReg(java.util.Map,javax.servlet.http.HttpServletResponse)
2019-06-30 14:53:41.726  INFO 12408 --- [restartedMain] s.w.s.m.m.a.RequestMappingHandlerMapping : Mapped "{[/expertReg/],methods=[POST]}" onto public java.lang.String com.sumflower.demo.Controller.LoginController.expertReg(java.util.Map,javax.servlet.http.HttpServletResponse)
2019-06-30 14:53:41.727  INFO 12408 --- [restartedMain] s.w.s.m.m.a.RequestMappingHandlerMapping : Mapped "{[/login/],methods=[POST]}" onto public java.lang.String com.sumflower.demo.Controller.LoginController.studentLogin(java.util.Map,javax.servlet.http.HttpServletResponse)
2019-06-30 14:53:41.728  INFO 12408 --- [restartedMain] s.w.s.m.m.a.RequestMappingHandlerMapping : Mapped "{[/api/DownloadPDF]}" onto public java.lang.String com.sumflower.demo.Controller.PDFController.pdfexport(javax.servlet.http.HttpServletResponse)
2019-06-30 14:53:41.729  INFO 12408 --- [restartedMain] s.w.s.m.m.a.RequestMappingHandlerMapping : Mapped "{[/getCookies]}" onto public java.lang.String com.sumflower.demo.Controller.RanderousController.getCookies(javax.servlet.http.HttpServletRequest)
2019-06-30 14:53:41.729  INFO 12408 --- [restartedMain] s.w.s.m.m.a.RequestMappingHandlerMapping : Mapped "{[/springUpload]}" onto public java.lang.String com.sumflower.demo.Controller.RanderousController.springUpload(javax.servlet.http.HttpServletRequest) throws java.lang.IllegalStateException,java.io.IOException
2019-06-30 14:53:41.730  INFO 12408 --- [restartedMain] s.w.s.m.m.a.RequestMappingHandlerMapping : Mapped "{[/setCookies]}" onto public java.lang.String com.sumflower.demo.Controller.RanderousController.setCookies(javax.servlet.http.HttpServletResponse)
2019-06-30 14:53:41.730  INFO 12408 --- [restartedMain] s.w.s.m.m.a.RequestMappingHandlerMapping : Mapped "{[/api/get]}" onto public int com.sumflower.demo.Controller.TerryTestController.get(javax.servlet.http.HttpServletRequest)
2019-06-30 14:53:41.731  INFO 12408 --- [restartedMain] s.w.s.m.m.a.RequestMappingHandlerMapping : Mapped "{[/testMysql]}" onto public java.lang.String com.sumflower.demo.Controller.TerryTestController.test()
2019-06-30 14:53:41.731  INFO 12408 --- [restartedMain] s.w.s.m.m.a.RequestMappingHandlerMapping : Mapped "{[/api/post]}" onto public java.util.Map com.sumflower.demo.Controller.TerryTestController.post(java.util.Map)
2019-06-30 14:53:41.732  INFO 12408 --- [restartedMain] s.w.s.m.m.a.RequestMappingHandlerMapping : Mapped "{[/upload],methods=[GET]}" onto public java.lang.String com.sumflower.demo.Controller.UploadFileController.file()
2019-06-30 14:53:41.732  INFO 12408 --- [restartedMain] s.w.s.m.m.a.RequestMappingHandlerMapping : Mapped "{[/upload],methods=[POST]}" onto public java.lang.String com.sumflower.demo.Controller.UploadFileController.upload(org.springframework.web.multipart.MultipartFile) throws java.io.IOException
2019-06-30 14:53:41.733  INFO 12408 --- [restartedMain] s.w.s.m.m.a.RequestMappingHandlerMapping : Mapped "{[/api2],methods=[GET]}" onto public com.sumflower.demo.model.Judge com.sumflower.demo.Controller.WinjaceController.api2()
2019-06-30 14:53:41.735  INFO 12408 --- [restartedMain] s.w.s.m.m.a.RequestMappingHandlerMapping : Mapped "{[/api/CreateWork]}" onto public int com.sumflower.demo.Controller.WorkFillController.CreateWork(java.util.Map)
2019-06-30 14:53:41.736  INFO 12408 --- [restartedMain] s.w.s.m.m.a.RequestMappingHandlerMapping : Mapped "{[/api/UpdateWork]}" onto public int com.sumflower.demo.Controller.WorkFillController.UpdateWork(java.util.Map)
2019-06-30 14:53:41.736  INFO 12408 --- [restartedMain] s.w.s.m.m.a.RequestMappingHandlerMapping : Mapped "{[/api/FinishWork]}" onto public int com.sumflower.demo.Controller.WorkFillController.FinishWork(java.util.Map)
2019-06-30 14:53:41.737  INFO 12408 --- [restartedMain] s.w.s.m.m.a.RequestMappingHandlerMapping : Mapped "{[/api/ViewWorkInfo]}" onto public com.sumflower.demo.model.Project com.sumflower.demo.Controller.WorkFillController.ViewWorkInfo(java.util.Map)
2019-06-30 14:53:41.737  INFO 12408 --- [restartedMain] s.w.s.m.m.a.RequestMappingHandlerMapping : Mapped "{[/api/ViewWorkList]}" onto public java.util.List<com.sumflower.demo.model.Project> com.sumflower.demo.Controller.WorkFillController.ViewWorkList(java.util.Map)
2019-06-30 14:53:41.738  INFO 12408 --- [restartedMain] s.w.s.m.m.a.RequestMappingHandlerMapping : Mapped "{[/api/CreateWorkCookie]}" onto public int com.sumflower.demo.Controller.WorkFillController.CreateWorkCookie(javax.servlet.http.HttpServletRequest,javax.servlet.http.HttpServletResponse)
2019-06-30 14:53:41.740  INFO 12408 --- [restartedMain] s.w.s.m.m.a.RequestMappingHandlerMapping : Mapped "{[/api/DeleteWork]}" onto public int com.sumflower.demo.Controller.WorkFillController.DeleteWork(java.util.Map)
2019-06-30 14:53:41.742  INFO 12408 --- [restartedMain] s.w.s.m.m.a.RequestMappingHandlerMapping : Mapped "{[/error]}" onto public org.springframework.http.ResponseEntity<java.util.Map<java.lang.String, java.lang.Object>> org.springframework.boot.autoconfigure.web.BasicErrorController.error(javax.servlet.http.HttpServletRequest)
2019-06-30 14:53:41.743  INFO 12408 --- [restartedMain] s.w.s.m.m.a.RequestMappingHandlerMapping : Mapped "{[/error],produces=[text/html]}" onto public org.springframework.web.servlet.ModelAndView org.springframework.boot.autoconfigure.web.BasicErrorController.errorHtml(javax.servlet.http.HttpServletRequest,javax.servlet.http.HttpServletResponse)
2019-06-30 14:53:41.788  INFO 12408 --- [restartedMain] o.s.w.s.handler.SimpleUrlHandlerMapping  : Mapped URL path [/webjars/**] onto handler of type [class org.springframework.web.servlet.resource.ResourceHttpRequestHandler]
2019-06-30 14:53:41.788  INFO 12408 --- [restartedMain] o.s.w.s.handler.SimpleUrlHandlerMapping  : Mapped URL path [/**] onto handler of type [class org.springframework.web.servlet.resource.ResourceHttpRequestHandler]
2019-06-30 14:53:41.843  INFO 12408 --- [restartedMain] o.s.w.s.handler.SimpleUrlHandlerMapping  : Mapped URL path [/**/favicon.ico] onto handler of type [class org.springframework.web.servlet.resource.ResourceHttpRequestHandler]
2019-06-30 14:53:42.099  INFO 12408 --- [restartedMain] o.s.ui.freemarker.SpringTemplateLoader   : SpringTemplateLoader for FreeMarker: using resource loader [org.springframework.boot.context.embedded.AnnotationConfigEmbeddedWebApplicationContext@6ae0de47: startup date [Sun Jun 30 14:53:38 CST 2019]; root of context hierarchy] and template loader path [classpath:/templates/]
2019-06-30 14:53:42.100  INFO 12408 --- [restartedMain] o.s.w.s.v.f.FreeMarkerConfigurer         : ClassTemplateLoader for Spring macros added to FreeMarker configuration
2019-06-30 14:53:42.124  WARN 12408 --- [restartedMain] o.s.b.a.f.FreeMarkerAutoConfiguration    : Cannot find template location(s): [classpath:/templates/] (please add some templates, check your FreeMarker configuration, or set spring.freemarker.checkTemplateLocation=false)
2019-06-30 14:53:42.291  INFO 12408 --- [restartedMain] o.s.b.d.a.OptionalLiveReloadServer       : LiveReload server is running on port 35729
2019-06-30 14:53:42.461  INFO 12408 --- [restartedMain] o.s.j.e.a.AnnotationMBeanExporter        : Registering beans for JMX exposure on startup
2019-06-30 14:53:42.519  INFO 12408 --- [restartedMain] s.b.c.e.t.TomcatEmbeddedServletContainer : Tomcat started on port(s): 8080 (http)
2019-06-30 14:53:42.524  INFO 12408 --- [restartedMain] com.sumflower.demo.DemoApplication       : Started DemoApplication in 4.28 seconds (JVM running for 7.971)
2019-06-30 14:53:52.726  INFO 12408 --- [http-nio-8080-exec-1] o.a.c.c.C.[Tomcat].[localhost].[/]       : Initializing Spring FrameworkServlet 'dispatcherServlet'
2019-06-30 14:53:52.748  INFO 12408 --- [http-nio-8080-exec-1] o.s.web.servlet.DispatcherServlet        : FrameworkServlet 'dispatcherServlet': initialization started
2019-06-30 14:53:52.778  INFO 12408 --- [http-nio-8080-exec-1] o.s.web.servlet.DispatcherServlet        : FrameworkServlet 'dispatcherServlet': initialization completed in 30 ms
